android/app/build/intermediates/manifest_merge_blame_file/release/manifest-merger-blame-release-report.txt
1<?xml version="1.0" encoding="utf-8"?>
2<manifest xmlns:android="http://schemas.android.com/apk/res/android"
3    package="com.bongomeals.partner"
4    android:versionCode="1"
5    android:versionName="1.0" >
6
7    <uses-sdk
8        android:minSdkVersion="21"
8-->src\main\AndroidManifest.xml
9        android:targetSdkVersion="33" />
9-->src\main\AndroidManifest.xml
10
11    <uses-permission android:name="android.permission.INTERNET" />
11-->src\main\AndroidManifest.xml:3:5-67
11-->src\main\AndroidManifest.xml:3:22-64
12    <uses-permission android:name="android.permission.VIBRATE" />
12-->src\main\AndroidManifest.xml:4:5-66
12-->src\main\AndroidManifest.xml:4:22-63
13    <uses-permission android:name="android.permission.RECEIVE_BOOT_COMPLETED" />
13-->src\main\AndroidManifest.xml:5:5-80
13-->src\main\AndroidManifest.xml:5:22-78
14    <uses-permission android:name="android.permission.ACCESS_FINE_LOCATION" />
14-->src\main\AndroidManifest.xml:6:5-79
14-->src\main\AndroidManifest.xml:6:22-76
15    <uses-permission android:name="android.permission.ACCESS_COARSE_LOCATION" />
15-->src\main\AndroidManifest.xml:7:5-80
15-->src\main\AndroidManifest.xml:7:22-78
16
17    <permission
17-->src\main\AndroidManifest.xml:9:5-11:47
18        android:name="android.permission.ACCESS_COARSE_LOCATION"
18-->src\main\AndroidManifest.xml:10:9-65
19        android:protectionLevel="signature" />
19-->src\main\AndroidManifest.xml:11:9-44
20    <permission
20-->src\main\AndroidManifest.xml:12:5-14:46
21        android:name="android.permission.ACCESS_FINE_LOCATION"
21-->src\main\AndroidManifest.xml:13:9-63
22        android:protectionLevel="signature" />
22-->src\main\AndroidManifest.xml:14:9-44
23
24    <uses-permission android:name="android.permission.WAKE_LOCK" />
24-->[:react-native-firebase_database] AndroidManifest.xml:8:5-68
24-->[:react-native-firebase_database] AndroidManifest.xml:8:22-65
25    <uses-permission android:name="android.permission.ACCESS_NETWORK_STATE" /> <!-- Required to access Google Play Licensing -->
25-->[:react-native-firebase_database] AndroidManifest.xml:9:5-79
25-->[:react-native-firebase_database] AndroidManifest.xml:9:22-76
26    <uses-permission android:name="com.android.vending.CHECK_LICENSE" /> <!-- Required to check whether Wi-Fi is enabled -->
26-->[:rn-fetch-blob] AndroidManifest.xml:8:5-73
26-->[:rn-fetch-blob] AndroidManifest.xml:8:22-70
27    <uses-permission android:name="android.permission.ACCESS_WIFI_STATE" /> <!-- Required to read and write the expansion files on shared storage -->
27-->[:rn-fetch-blob] AndroidManifest.xml:26:5-76
27-->[:rn-fetch-blob] AndroidManifest.xml:26:22-73
28    <uses-permission android:name="android.permission.WRITE_EXTERNAL_STORAGE" />
28-->[:rn-fetch-blob] AndroidManifest.xml:29:5-81
28-->[:rn-fetch-blob] AndroidManifest.xml:29:22-78
29    <uses-permission android:name="android.permission.READ_EXTERNAL_STORAGE" />
30
31    <queries>
31-->[com.razorpay:checkout:1.6.34] AndroidManifest.xml:10:5-39:15
32        <intent>
32-->[com.razorpay:checkout:1.6.34] AndroidManifest.xml:11:9-17:18
33            <action android:name="android.intent.action.VIEW" />
33-->[com.razorpay:checkout:1.6.34] AndroidManifest.xml:12:13-65
33-->[com.razorpay:checkout:1.6.34] AndroidManifest.xml:12:21-62
34
35            <data
35-->[com.razorpay:checkout:1.6.34] AndroidManifest.xml:14:13-16:38
36                android:mimeType="*/*"
36-->[com.razorpay:checkout:1.6.34] AndroidManifest.xml:15:17-39
37                android:scheme="*" />
37-->[com.razorpay:checkout:1.6.34] AndroidManifest.xml:16:17-35
38        </intent>
39        <intent>
39-->[com.razorpay:checkout:1.6.34] AndroidManifest.xml:18:9-27:18
40            <action android:name="android.intent.action.VIEW" />
40-->[com.razorpay:checkout:1.6.34] AndroidManifest.xml:12:13-65
40-->[com.razorpay:checkout:1.6.34] AndroidManifest.xml:12:21-62
41
42            <category android:name="android.intent.category.BROWSABLE" />
42-->[com.razorpay:checkout:1.6.34] AndroidManifest.xml:21:13-74
42-->[com.razorpay:checkout:1.6.34] AndroidManifest.xml:21:23-71
43
44            <data
44-->[com.razorpay:checkout:1.6.34] AndroidManifest.xml:14:13-16:38
45                android:host="pay"
46                android:mimeType="*/*"
46-->[com.razorpay:checkout:1.6.34] AndroidManifest.xml:15:17-39
47                android:scheme="upi" />
47-->[com.razorpay:checkout:1.6.34] AndroidManifest.xml:16:17-35
48        </intent>
49        <intent>
49-->[com.razorpay:checkout:1.6.34] AndroidManifest.xml:28:9-30:18
50            <action android:name="android.intent.action.MAIN" />
50-->src\main\AndroidManifest.xml:59:13-65
50-->src\main\AndroidManifest.xml:59:21-62
51        </intent>
52        <intent>
52-->[com.razorpay:checkout:1.6.34] AndroidManifest.xml:31:9-35:18
53            <action android:name="android.intent.action.SEND" />
53-->[com.razorpay:checkout:1.6.34] AndroidManifest.xml:32:13-65
53-->[com.razorpay:checkout:1.6.34] AndroidManifest.xml:32:21-62
54
55            <data android:mimeType="*/*" />
55-->[com.razorpay:checkout:1.6.34] AndroidManifest.xml:14:13-16:38
55-->[com.razorpay:checkout:1.6.34] AndroidManifest.xml:15:17-39
56        </intent>
57        <intent>
57-->[com.razorpay:checkout:1.6.34] AndroidManifest.xml:36:9-38:18
58            <action android:name="rzp.device_token.share" />
58-->[com.razorpay:checkout:1.6.34] AndroidManifest.xml:37:13-61
58-->[com.razorpay:checkout:1.6.34] AndroidManifest.xml:37:21-58
59        </intent>
60        <!-- Needs to be explicitly declared on Android R+ -->
61        <package android:name="com.google.android.apps.maps" />
61-->[com.google.android.gms:play-services-maps:18.0.2] AndroidManifest.xml:33:9-64
61-->[com.google.android.gms:play-services-maps:18.0.2] AndroidManifest.xml:33:18-61
62    </queries>
63
64    <uses-feature
64-->[com.google.android.gms:play-services-maps:18.0.2] AndroidManifest.xml:26:5-28:35
65        android:glEsVersion="0x00020000"
65-->[com.google.android.gms:play-services-maps:18.0.2] AndroidManifest.xml:27:9-41
66        android:required="true" />
66-->[com.google.android.gms:play-services-maps:18.0.2] AndroidManifest.xml:28:9-32
67
68    <uses-permission android:name="android.permission.POST_NOTIFICATIONS" /> <!-- Required by older versions of Google Play services to create IID tokens -->
68-->[com.google.firebase:firebase-messaging:23.1.2] AndroidManifest.xml:25:5-77
68-->[com.google.firebase:firebase-messaging:23.1.2] AndroidManifest.xml:25:22-74
69    <uses-permission android:name="com.google.android.c2dm.permission.RECEIVE" />
69-->[com.google.firebase:firebase-messaging:23.1.2] AndroidManifest.xml:28:5-82
69-->[com.google.firebase:firebase-messaging:23.1.2] AndroidManifest.xml:28:22-79
70    <uses-permission android:name="com.google.android.gms.permission.AD_ID" />
70-->[com.google.android.gms:play-services-measurement-api:21.2.1] AndroidManifest.xml:25:5-79
70-->[com.google.android.gms:play-services-measurement-api:21.2.1] AndroidManifest.xml:25:22-76
71    <uses-permission android:name="com.google.android.finsky.permission.BIND_GET_INSTALL_REFERRER_SERVICE" />
71-->[com.google.android.gms:play-services-measurement:21.2.1] AndroidManifest.xml:26:5-110
71-->[com.google.android.gms:play-services-measurement:21.2.1] AndroidManifest.xml:26:22-107
72    <uses-permission android:name="android.permission.FOREGROUND_SERVICE" /> <!-- for android -->
72-->[androidx.work:work-runtime:2.7.1] AndroidManifest.xml:28:5-77
72-->[androidx.work:work-runtime:2.7.1] AndroidManifest.xml:28:22-74
73    <!-- <uses-permission android:name="com.android.launcher.permission.READ_SETTINGS"/> -->
74    <!-- <uses-permission android:name="com.android.launcher.permission.WRITE_SETTINGS"/> -->
75    <!-- <uses-permission android:name="com.android.launcher.permission.INSTALL_SHORTCUT" /> -->
76    <!-- <uses-permission android:name="com.android.launcher.permission.UNINSTALL_SHORTCUT" /> -->
77    <!-- for Samsung -->
78    <uses-permission android:name="com.sec.android.provider.badge.permission.READ" />
78-->[me.leolin:ShortcutBadger:1.1.22] AndroidManifest.xml:19:5-86
78-->[me.leolin:ShortcutBadger:1.1.22] AndroidManifest.xml:19:22-83
79    <uses-permission android:name="com.sec.android.provider.badge.permission.WRITE" /> <!-- for htc -->
79-->[me.leolin:ShortcutBadger:1.1.22] AndroidManifest.xml:20:5-87
79-->[me.leolin:ShortcutBadger:1.1.22] AndroidManifest.xml:20:22-84
80    <uses-permission android:name="com.htc.launcher.permission.READ_SETTINGS" />
80-->[me.leolin:ShortcutBadger:1.1.22] AndroidManifest.xml:23:5-81
80-->[me.leolin:ShortcutBadger:1.1.22] AndroidManifest.xml:23:22-78
81    <uses-permission android:name="com.htc.launcher.permission.UPDATE_SHORTCUT" /> <!-- for sony -->
81-->[me.leolin:ShortcutBadger:1.1.22] AndroidManifest.xml:24:5-83
81-->[me.leolin:ShortcutBadger:1.1.22] AndroidManifest.xml:24:22-80
82    <uses-permission android:name="com.sonyericsson.home.permission.BROADCAST_BADGE" />
82-->[me.leolin:ShortcutBadger:1.1.22] AndroidManifest.xml:27:5-88
82-->[me.leolin:ShortcutBadger:1.1.22] AndroidManifest.xml:27:22-85
83    <uses-permission android:name="com.sonymobile.home.permission.PROVIDER_INSERT_BADGE" /> <!-- for apex -->
83-->[me.leolin:ShortcutBadger:1.1.22] AndroidManifest.xml:28:5-92
83-->[me.leolin:ShortcutBadger:1.1.22] AndroidManifest.xml:28:22-89
84    <uses-permission android:name="com.anddoes.launcher.permission.UPDATE_COUNT" /> <!-- for solid -->
84-->[me.leolin:ShortcutBadger:1.1.22] AndroidManifest.xml:31:5-84
84-->[me.leolin:ShortcutBadger:1.1.22] AndroidManifest.xml:31:22-81
85    <uses-permission android:name="com.majeur.launcher.permission.UPDATE_BADGE" /> <!-- for huawei -->
85-->[me.leolin:ShortcutBadger:1.1.22] AndroidManifest.xml:34:5-83
85-->[me.leolin:ShortcutBadger:1.1.22] AndroidManifest.xml:34:22-80
86    <uses-permission android:name="com.huawei.android.launcher.permission.CHANGE_BADGE" />
86-->[me.leolin:ShortcutBadger:1.1.22] AndroidManifest.xml:37:5-91
86-->[me.leolin:ShortcutBadger:1.1.22] AndroidManifest.xml:37:22-88
87    <uses-permission android:name="com.huawei.android.launcher.permission.READ_SETTINGS" />
87-->[me.leolin:ShortcutBadger:1.1.22] AndroidManifest.xml:38:5-92
87-->[me.leolin:ShortcutBadger:1.1.22] AndroidManifest.xml:38:22-89
88    <uses-permission android:name="com.huawei.android.launcher.permission.WRITE_SETTINGS" /> <!-- for ZUK -->
88-->[me.leolin:ShortcutBadger:1.1.22] AndroidManifest.xml:39:5-93
88-->[me.leolin:ShortcutBadger:1.1.22] AndroidManifest.xml:39:22-90
89    <uses-permission android:name="android.permission.READ_APP_BADGE" /> <!-- for OPPO -->
89-->[me.leolin:ShortcutBadger:1.1.22] AndroidManifest.xml:42:5-73
89-->[me.leolin:ShortcutBadger:1.1.22] AndroidManifest.xml:42:22-70
90    <uses-permission android:name="com.oppo.launcher.permission.READ_SETTINGS" />
90-->[me.leolin:ShortcutBadger:1.1.22] AndroidManifest.xml:45:5-82
90-->[me.leolin:ShortcutBadger:1.1.22] AndroidManifest.xml:45:22-79
91    <uses-permission android:name="com.oppo.launcher.permission.WRITE_SETTINGS" /> <!-- for EvMe -->
91-->[me.leolin:ShortcutBadger:1.1.22] AndroidManifest.xml:46:5-83
91-->[me.leolin:ShortcutBadger:1.1.22] AndroidManifest.xml:46:22-80
92    <uses-permission android:name="me.everything.badger.permission.BADGE_COUNT_READ" />
92-->[me.leolin:ShortcutBadger:1.1.22] AndroidManifest.xml:49:5-88
92-->[me.leolin:ShortcutBadger:1.1.22] AndroidManifest.xml:49:22-85
93    <uses-permission android:name="me.everything.badger.permission.BADGE_COUNT_WRITE" />
93-->[me.leolin:ShortcutBadger:1.1.22] AndroidManifest.xml:50:5-89
93-->[me.leolin:ShortcutBadger:1.1.22] AndroidManifest.xml:50:22-86
94
95    <application
95-->src\main\AndroidManifest.xml:16:5-68:19
96        android:name="com.bongomeals.partner.MainApplication"
96-->src\main\AndroidManifest.xml:17:7-38
97        android:allowBackup="false"
97-->src\main\AndroidManifest.xml:21:7-34
98        android:appComponentFactory="androidx.core.app.CoreComponentFactory"
98-->[androidx.core:core:1.7.0] AndroidManifest.xml:24:18-86
99        android:icon="@mipmap/ic_launcher"
99-->src\main\AndroidManifest.xml:19:7-41
100        android:label="@string/app_name"
100-->src\main\AndroidManifest.xml:18:7-39
101        android:networkSecurityConfig="@xml/network_security_config"
101-->src\main\AndroidManifest.xml:24:7-67
102        android:roundIcon="@mipmap/ic_launcher_round"
102-->src\main\AndroidManifest.xml:20:7-52
103        android:theme="@style/AppTheme"
103-->src\main\AndroidManifest.xml:22:7-38
104        android:usesCleartextTraffic="true" >
104-->src\main\AndroidManifest.xml:23:7-42
105
106        <!-- Change the value to true to enable pop-up for in foreground on receiving remote notifications (for prevent duplicating while showing local notifications set this to false) -->
107        <meta-data
107-->src\main\AndroidManifest.xml:27:9-28:44
108            android:name="com.dieam.reactnativepushnotification.notification_foreground"
108-->src\main\AndroidManifest.xml:27:21-97
109            android:value="false" />
109-->src\main\AndroidManifest.xml:28:21-42
110        <!-- Change the resource name to your App's accent color - or any other color you want -->
111        <meta-data
111-->src\main\AndroidManifest.xml:30:9-31:54
112            android:name="com.dieam.reactnativepushnotification.notification_color"
112-->src\main\AndroidManifest.xml:30:21-92
113            android:resource="@color/white" /> <!-- or @android:color/{name} to use a standard color -->
113-->src\main\AndroidManifest.xml:31:21-52
114
115        <receiver android:name="com.dieam.reactnativepushnotification.modules.RNPushNotificationActions" />
115-->src\main\AndroidManifest.xml:33:9-109
115-->src\main\AndroidManifest.xml:33:20-106
116        <receiver android:name="com.dieam.reactnativepushnotification.modules.RNPushNotificationPublisher" />
116-->src\main\AndroidManifest.xml:34:9-111
116-->src\main\AndroidManifest.xml:34:20-108
117        <receiver
117-->src\main\AndroidManifest.xml:35:9-41:20
118            android:name="com.dieam.reactnativepushnotification.modules.RNPushNotificationBootEventReceiver"
118-->src\main\AndroidManifest.xml:35:43-139
119            android:exported="true" >
119-->src\main\AndroidManifest.xml:35:19-42
120            <intent-filter>
120-->src\main\AndroidManifest.xml:36:13-40:29
121                <action android:name="android.intent.action.BOOT_COMPLETED" />
121-->src\main\AndroidManifest.xml:37:17-79
121-->src\main\AndroidManifest.xml:37:25-76
122                <action android:name="android.intent.action.QUICKBOOT_POWERON" />
122-->src\main\AndroidManifest.xml:38:17-82
122-->src\main\AndroidManifest.xml:38:25-79
123                <action android:name="com.htc.intent.action.QUICKBOOT_POWERON" />
123-->src\main\AndroidManifest.xml:39:17-81
123-->src\main\AndroidManifest.xml:39:25-79
124            </intent-filter>
125        </receiver>
126
127        <service
127-->src\main\AndroidManifest.xml:43:9-49:19
128            android:name="com.dieam.reactnativepushnotification.modules.RNPushNotificationListenerService"
128-->src\main\AndroidManifest.xml:44:13-107
129            android:exported="false" >
129-->src\main\AndroidManifest.xml:45:13-37
130            <intent-filter>
130-->src\main\AndroidManifest.xml:46:13-48:29
131                <action android:name="com.google.firebase.MESSAGING_EVENT" />
131-->src\main\AndroidManifest.xml:47:17-78
131-->src\main\AndroidManifest.xml:47:25-75
132            </intent-filter>
133        </service>
134
135        <activity
135-->src\main\AndroidManifest.xml:51:7-62:18
136            android:name="com.bongomeals.partner.MainActivity"
136-->src\main\AndroidManifest.xml:52:9-37
137            android:configChanges="keyboard|keyboardHidden|orientation|screenLayout|screenSize|smallestScreenSize|uiMode"
137-->src\main\AndroidManifest.xml:54:9-118
138            android:exported="true"
138-->src\main\AndroidManifest.xml:57:9-32
139            android:label="@string/app_name"
139-->src\main\AndroidManifest.xml:53:9-41
140            android:launchMode="singleTask"
140-->src\main\AndroidManifest.xml:55:9-40
141            android:windowSoftInputMode="adjustResize" >
141-->src\main\AndroidManifest.xml:56:9-51
142            <intent-filter>
142-->src\main\AndroidManifest.xml:58:9-61:25
143                <action android:name="android.intent.action.MAIN" />
143-->src\main\AndroidManifest.xml:59:13-65
143-->src\main\AndroidManifest.xml:59:21-62
144
145                <category android:name="android.intent.category.LAUNCHER" />
145-->src\main\AndroidManifest.xml:60:13-73
145-->src\main\AndroidManifest.xml:60:23-70
146            </intent-filter>
147        </activity>
148
149        <meta-data
149-->src\main\AndroidManifest.xml:64:8-66:66
150            android:name="com.google.android.geo.API_KEY"
150-->src\main\AndroidManifest.xml:65:9-54
151            android:value="AIzaSyCp77n_8Z2QDcWMebzUwHK_z3Q1ibZifkA" />
151-->src\main\AndroidManifest.xml:66:9-64
152        <meta-data
152-->[:react-native-firebase_app] AndroidManifest.xml:9:9-11:36
153            android:name="app_data_collection_default_enabled"
153-->[:react-native-firebase_app] AndroidManifest.xml:10:13-63
154            android:value="true" />
154-->[:react-native-firebase_app] AndroidManifest.xml:11:13-33
155
156        <service
156-->[:react-native-firebase_app] AndroidManifest.xml:13:9-21:19
157            android:name="com.google.firebase.components.ComponentDiscoveryService"
157-->[:react-native-firebase_app] AndroidManifest.xml:14:13-84
158            android:directBootAware="true"
158-->[:react-native-firebase_app] AndroidManifest.xml:15:13-43
159            android:exported="false" >
159-->[:react-native-firebase_app] AndroidManifest.xml:16:13-37
160            <meta-data
160-->[:react-native-firebase_app] AndroidManifest.xml:18:13-20:85
161                android:name="com.google.firebase.components:io.invertase.firebase.app.ReactNativeFirebaseAppRegistrar"
161-->[:react-native-firebase_app] AndroidManifest.xml:19:17-120
162                android:value="com.google.firebase.components.ComponentRegistrar" />
162-->[:react-native-firebase_app] AndroidManifest.xml:20:17-82
163            <meta-data
163-->[com.google.firebase:firebase-messaging:23.1.2] AndroidManifest.xml:55:13-57:85
164                android:name="com.google.firebase.components:com.google.firebase.messaging.FirebaseMessagingRegistrar"
164-->[com.google.firebase:firebase-messaging:23.1.2] AndroidManifest.xml:56:17-119
165                android:value="com.google.firebase.components.ComponentRegistrar" />
165-->[com.google.firebase:firebase-messaging:23.1.2] AndroidManifest.xml:57:17-82
166            <meta-data
166-->[com.google.firebase:firebase-database:20.1.0] AndroidManifest.xml:31:13-33:85
167                android:name="com.google.firebase.components:com.google.firebase.database.DatabaseRegistrar"
167-->[com.google.firebase:firebase-database:20.1.0] AndroidManifest.xml:32:17-109
168                android:value="com.google.firebase.components.ComponentRegistrar" />
168-->[com.google.firebase:firebase-database:20.1.0] AndroidManifest.xml:33:17-82
169            <meta-data
169-->[com.google.android.gms:play-services-measurement-api:21.2.1] AndroidManifest.xml:31:13-33:85
170                android:name="com.google.firebase.components:com.google.firebase.analytics.connector.internal.AnalyticsConnectorRegistrar"
170-->[com.google.android.gms:play-services-measurement-api:21.2.1] AndroidManifest.xml:32:17-139
171                android:value="com.google.firebase.components.ComponentRegistrar" />
171-->[com.google.android.gms:play-services-measurement-api:21.2.1] AndroidManifest.xml:33:17-82
172            <meta-data
172-->[com.google.firebase:firebase-datatransport:18.1.7] AndroidManifest.xml:27:13-29:85
173                android:name="com.google.firebase.components:com.google.firebase.datatransport.TransportRegistrar"
173-->[com.google.firebase:firebase-datatransport:18.1.7] AndroidManifest.xml:28:17-115
174                android:value="com.google.firebase.components.ComponentRegistrar" />
174-->[com.google.firebase:firebase-datatransport:18.1.7] AndroidManifest.xml:29:17-82
175            <meta-data
175-->[com.google.firebase:firebase-installations:17.1.3] AndroidManifest.xml:17:13-19:85
176                android:name="com.google.firebase.components:com.google.firebase.installations.FirebaseInstallationsRegistrar"
176-->[com.google.firebase:firebase-installations:17.1.3] AndroidManifest.xml:18:17-127
177                android:value="com.google.firebase.components.ComponentRegistrar" />
177-->[com.google.firebase:firebase-installations:17.1.3] AndroidManifest.xml:19:17-82
178        </service>
179
180        <provider
180-->[:react-native-firebase_app] AndroidManifest.xml:23:9-27:38
181            android:name="io.invertase.firebase.app.ReactNativeFirebaseAppInitProvider"
181-->[:react-native-firebase_app] AndroidManifest.xml:24:13-88
182            android:authorities="com.bongomeals.partner.reactnativefirebaseappinitprovider"
182-->[:react-native-firebase_app] AndroidManifest.xml:25:13-86
183            android:exported="false"
183-->[:react-native-firebase_app] AndroidManifest.xml:26:13-37
184            android:initOrder="99" />
184-->[:react-native-firebase_app] AndroidManifest.xml:27:13-35
185        <provider
185-->[:react-native-image-picker] AndroidManifest.xml:8:9-16:20
186            android:name="com.imagepicker.ImagePickerProvider"
186-->[:react-native-image-picker] AndroidManifest.xml:9:13-63
187            android:authorities="com.bongomeals.partner.imagepickerprovider"
187-->[:react-native-image-picker] AndroidManifest.xml:10:13-71
188            android:exported="false"
188-->[:react-native-image-picker] AndroidManifest.xml:11:13-37
189            android:grantUriPermissions="true" >
189-->[:react-native-image-picker] AndroidManifest.xml:12:13-47
190            <meta-data
190-->[:react-native-image-picker] AndroidManifest.xml:13:13-15:70
191                android:name="android.support.FILE_PROVIDER_PATHS"
191-->[:react-native-image-picker] AndroidManifest.xml:14:17-67
192                android:resource="@xml/imagepicker_provider_paths" />
192-->[:react-native-image-picker] AndroidManifest.xml:15:17-67
193        </provider>
194
195        <activity
195-->[:react-native-razorpay] AndroidManifest.xml:8:9-10:86
196            android:name="com.razorpay.CheckoutActivity"
196-->[:react-native-razorpay] AndroidManifest.xml:9:13-57
197            android:configChanges="keyboard|keyboardHidden|orientation|screenSize"
197-->[:react-native-razorpay] AndroidManifest.xml:10:13-83
198            android:exported="false"
198-->[com.razorpay:checkout:1.6.34] AndroidManifest.xml:54:13-37
199            android:theme="@style/CheckoutTheme" >
199-->[com.razorpay:checkout:1.6.34] AndroidManifest.xml:55:13-49
200            <intent-filter>
200-->[com.razorpay:checkout:1.6.34] AndroidManifest.xml:56:13-58:29
201                <action android:name="android.intent.action.MAIN" />
201-->src\main\AndroidManifest.xml:59:13-65
201-->src\main\AndroidManifest.xml:59:21-62
202            </intent-filter>
203        </activity>
204
205        <provider
205-->[:react-native-webview] AndroidManifest.xml:8:9-16:20
206            android:name="com.reactnativecommunity.webview.RNCWebViewFileProvider"
206-->[:react-native-webview] AndroidManifest.xml:9:13-83
207            android:authorities="com.bongomeals.partner.fileprovider"
207-->[:react-native-webview] AndroidManifest.xml:10:13-64
208            android:exported="false"
208-->[:react-native-webview] AndroidManifest.xml:11:13-37
209            android:grantUriPermissions="true" >
209-->[:react-native-webview] AndroidManifest.xml:12:13-47
210            <meta-data
210-->[:react-native-image-picker] AndroidManifest.xml:13:13-15:70
211                android:name="android.support.FILE_PROVIDER_PATHS"
211-->[:react-native-image-picker] AndroidManifest.xml:14:17-67
212                android:resource="@xml/file_provider_paths" />
212-->[:react-native-image-picker] AndroidManifest.xml:15:17-67
213        </provider>
214        <provider
214-->[:rn-fetch-blob] AndroidManifest.xml:32:9-40:20
215            android:name="com.RNFetchBlob.Utils.FileProvider"
215-->[:rn-fetch-blob] AndroidManifest.xml:33:13-62
216            android:authorities="com.bongomeals.partner.provider"
216-->[:rn-fetch-blob] AndroidManifest.xml:34:13-60
217            android:exported="false"
217-->[:rn-fetch-blob] AndroidManifest.xml:35:13-37
218            android:grantUriPermissions="true" >
218-->[:rn-fetch-blob] AndroidManifest.xml:36:13-47
219            <meta-data
219-->[:react-native-image-picker] AndroidManifest.xml:13:13-15:70
220                android:name="android.support.FILE_PROVIDER_PATHS"
220-->[:react-native-image-picker] AndroidManifest.xml:14:17-67
221                android:resource="@xml/provider_paths" />
221-->[:react-native-image-picker] AndroidManifest.xml:15:17-67
222        </provider>
223
224        <receiver
224-->[com.razorpay:checkout:1.6.34] AndroidManifest.xml:42:9-49:20
225            android:name="com.razorpay.RzpTokenReceiver"
225-->[com.razorpay:checkout:1.6.34] AndroidManifest.xml:43:13-57
226            android:exported="true" >
226-->[com.razorpay:checkout:1.6.34] AndroidManifest.xml:44:13-36
227            <intent-filter>
227-->[com.razorpay:checkout:1.6.34] AndroidManifest.xml:46:13-48:29
228                <action android:name="rzp.device_token.share" />
228-->[com.razorpay:checkout:1.6.34] AndroidManifest.xml:37:13-61
228-->[com.razorpay:checkout:1.6.34] AndroidManifest.xml:37:21-58
229            </intent-filter>
230        </receiver>
231
232        <meta-data
232-->[com.razorpay:checkout:1.6.34] AndroidManifest.xml:61:9-63:58
233            android:name="com.razorpay.plugin.googlepay_all"
233-->[com.razorpay:checkout:1.6.34] AndroidManifest.xml:62:13-61
234            android:value="com.razorpay.RzpGpayMerged" />
234-->[com.razorpay:checkout:1.6.34] AndroidManifest.xml:63:13-55
235
236        <activity
236-->[com.google.android.gms:play-services-auth:20.3.0] AndroidManifest.xml:23:9-27:75
237            android:name="com.google.android.gms.auth.api.signin.internal.SignInHubActivity"
237-->[com.google.android.gms:play-services-auth:20.3.0] AndroidManifest.xml:24:13-93
238            android:excludeFromRecents="true"
238-->[com.google.android.gms:play-services-auth:20.3.0] AndroidManifest.xml:25:13-46
239            android:exported="false"
239-->[com.google.android.gms:play-services-auth:20.3.0] AndroidManifest.xml:26:13-37
240            android:theme="@android:style/Theme.Translucent.NoTitleBar" />
240-->[com.google.android.gms:play-services-auth:20.3.0] AndroidManifest.xml:27:13-72
241        <!--
242            Service handling Google Sign-In user revocation. For apps that do not integrate with
243            Google Sign-In, this service will never be started.
244        -->
245        <service
245-->[com.google.android.gms:play-services-auth:20.3.0] AndroidManifest.xml:33:9-37:51
246            android:name="com.google.android.gms.auth.api.signin.RevocationBoundService"
246-->[com.google.android.gms:play-services-auth:20.3.0] AndroidManifest.xml:34:13-89
247            android:exported="true"
247-->[com.google.android.gms:play-services-auth:20.3.0] AndroidManifest.xml:35:13-36
248            android:permission="com.google.android.gms.auth.api.signin.permission.REVOCATION_NOTIFICATION"
248-->[com.google.android.gms:play-services-auth:20.3.0] AndroidManifest.xml:36:13-107
249            android:visibleToInstantApps="true" />
249-->[com.google.android.gms:play-services-auth:20.3.0] AndroidManifest.xml:37:13-48
250
251        <meta-data
251-->[com.github.bumptech.glide:okhttp3-integration:4.12.0] AndroidManifest.xml:11:9-13:43
252            android:name="com.bumptech.glide.integration.okhttp3.OkHttpGlideModule"
252-->[com.github.bumptech.glide:okhttp3-integration:4.12.0] AndroidManifest.xml:12:13-84
253            android:value="GlideModule" /> <!-- Needs to be explicitly declared on P+ -->
253-->[com.github.bumptech.glide:okhttp3-integration:4.12.0] AndroidManifest.xml:13:13-40
254        <uses-library
254-->[com.google.android.gms:play-services-maps:18.0.2] AndroidManifest.xml:39:9-41:40
255            android:name="org.apache.http.legacy"
255-->[com.google.android.gms:play-services-maps:18.0.2] AndroidManifest.xml:40:13-50
256            android:required="false" />
256-->[com.google.android.gms:play-services-maps:18.0.2] AndroidManifest.xml:41:13-37
257
258        <receiver
258-->[com.google.firebase:firebase-messaging:23.1.2] AndroidManifest.xml:31:9-38:20
259            android:name="com.google.firebase.iid.FirebaseInstanceIdReceiver"
259-->[com.google.firebase:firebase-messaging:23.1.2] AndroidManifest.xml:32:13-78
260            android:exported="true"
260-->[com.google.firebase:firebase-messaging:23.1.2] AndroidManifest.xml:33:13-36
261            android:permission="com.google.android.c2dm.permission.SEND" >
261-->[com.google.firebase:firebase-messaging:23.1.2] AndroidManifest.xml:34:13-73
262            <intent-filter>
262-->[com.google.firebase:firebase-messaging:23.1.2] AndroidManifest.xml:35:13-37:29
263                <action android:name="com.google.android.c2dm.intent.RECEIVE" />
263-->[com.google.firebase:firebase-messaging:23.1.2] AndroidManifest.xml:36:17-81
263-->[com.google.firebase:firebase-messaging:23.1.2] AndroidManifest.xml:36:25-78
264            </intent-filter>
265        </receiver>
266        <!--
267             FirebaseMessagingService performs security checks at runtime,
268             but set to not exported to explicitly avoid allowing another app to call it.
269        -->
270        <service
270-->[com.google.firebase:firebase-messaging:23.1.2] AndroidManifest.xml:44:9-51:19